/u/k/a/karu/courses/cs552/spring2013/handouts/testprograms/public/rand_ldst/ldld.asm SUCCESS CPI:7.1 CYCLES:414 ICOUNT:58 IHITRATE: 0 DHITRATE: 0
/u/k/a/karu/courses/cs552/spring2013/handouts/testprograms/public/rand_ldst/ldld_rand_large.asm SUCCESS CPI:4.5 CYCLES:4689 ICOUNT:1035 IHITRATE: 0 DHITRATE: 0
/u/k/a/karu/courses/cs552/spring2013/handouts/testprograms/public/rand_ldst/ldld_rand_large_1.asm SUCCESS CPI:4.4 CYCLES:4601 ICOUNT:1035 IHITRATE: 0 DHITRATE: 0
/u/k/a/karu/courses/cs552/spring2013/handouts/testprograms/public/rand_ldst/ldld_rand_large_2.asm SUCCESS CPI:4.4 CYCLES:4506 ICOUNT:1035 IHITRATE: 0 DHITRATE: 0
/u/k/a/karu/courses/cs552/spring2013/handouts/testprograms/public/rand_ldst/ldld_rand_large_3.asm SUCCESS CPI:4.4 CYCLES:4577 ICOUNT:1035 IHITRATE: 0 DHITRATE: 0
/u/k/a/karu/courses/cs552/spring2013/handouts/testprograms/public/rand_ldst/ldld_rand_large_4.asm SUCCESS CPI:4.5 CYCLES:4673 ICOUNT:1035 IHITRATE: 0 DHITRATE: 0
/u/k/a/karu/courses/cs552/spring2013/handouts/testprograms/public/rand_ldst/ldld_rand_large_5.asm SUCCESS CPI:4.5 CYCLES:4689 ICOUNT:1035 IHITRATE: 0 DHITRATE: 0
/u/k/a/karu/courses/cs552/spring2013/handouts/testprograms/public/rand_ldst/ldld_rand_large_6.asm SUCCESS CPI:4.5 CYCLES:4681 ICOUNT:1035 IHITRATE: 0 DHITRATE: 0
/u/k/a/karu/courses/cs552/spring2013/handouts/testprograms/public/rand_ldst/ldld_rand_large_7.asm SUCCESS CPI:4.6 CYCLES:4729 ICOUNT:1035 IHITRATE: 0 DHITRATE: 0
/u/k/a/karu/courses/cs552/spring2013/handouts/testprograms/public/rand_ldst/ldld_rand_large_8.asm SUCCESS CPI:4.5 CYCLES:4609 ICOUNT:1035 IHITRATE: 0 DHITRATE: 0
/u/k/a/karu/courses/cs552/spring2013/handouts/testprograms/public/rand_ldst/ldld_rand_large_9.asm SUCCESS CPI:4.4 CYCLES:4593 ICOUNT:1035 IHITRATE: 0 DHITRATE: 0
/u/k/a/karu/courses/cs552/spring2013/handouts/testprograms/public/rand_ldst/ldld_rand_small.asm SUCCESS CPI:4.5 CYCLES:4689 ICOUNT:1035 IHITRATE: 0 DHITRATE: 0
/u/k/a/karu/courses/cs552/spring2013/handouts/testprograms/public/rand_ldst/ldld_rand_small_1.asm SUCCESS CPI:4.4 CYCLES:4601 ICOUNT:1035 IHITRATE: 0 DHITRATE: 0
/u/k/a/karu/courses/cs552/spring2013/handouts/testprograms/public/rand_ldst/ldld_rand_small_2.asm SUCCESS CPI:4.4 CYCLES:4506 ICOUNT:1035 IHITRATE: 0 DHITRATE: 0
/u/k/a/karu/courses/cs552/spring2013/handouts/testprograms/public/rand_ldst/ldld_rand_small_3.asm SUCCESS CPI:4.4 CYCLES:4577 ICOUNT:1035 IHITRATE: 0 DHITRATE: 0
/u/k/a/karu/courses/cs552/spring2013/handouts/testprograms/public/rand_ldst/ldld_rand_small_4.asm SUCCESS CPI:4.5 CYCLES:4673 ICOUNT:1035 IHITRATE: 0 DHITRATE: 0
/u/k/a/karu/courses/cs552/spring2013/handouts/testprograms/public/rand_ldst/ldld_rand_small_5.asm SUCCESS CPI:4.5 CYCLES:4689 ICOUNT:1035 IHITRATE: 0 DHITRATE: 0
/u/k/a/karu/courses/cs552/spring2013/handouts/testprograms/public/rand_ldst/ldld_rand_small_6.asm SUCCESS CPI:4.5 CYCLES:4681 ICOUNT:1035 IHITRATE: 0 DHITRATE: 0
/u/k/a/karu/courses/cs552/spring2013/handouts/testprograms/public/rand_ldst/ldld_rand_small_7.asm SUCCESS CPI:4.6 CYCLES:4729 ICOUNT:1035 IHITRATE: 0 DHITRATE: 0
/u/k/a/karu/courses/cs552/spring2013/handouts/testprograms/public/rand_ldst/ldld_rand_small_8.asm SUCCESS CPI:4.5 CYCLES:4609 ICOUNT:1035 IHITRATE: 0 DHITRATE: 0
/u/k/a/karu/courses/cs552/spring2013/handouts/testprograms/public/rand_ldst/ldld_rand_small_9.asm SUCCESS CPI:4.4 CYCLES:4593 ICOUNT:1035 IHITRATE: 0 DHITRATE: 0
/u/k/a/karu/courses/cs552/spring2013/handouts/testprograms/public/rand_ldst/ldst.asm SUCCESS CPI:9.6 CYCLES:555 ICOUNT:58 IHITRATE: 0 DHITRATE: 0
/u/k/a/karu/courses/cs552/spring2013/handouts/testprograms/public/rand_ldst/ldst_rand_large.asm SUCCESS CPI:5.8 CYCLES:5595 ICOUNT:973 IHITRATE: 0 DHITRATE: 0
/u/k/a/karu/courses/cs552/spring2013/handouts/testprograms/public/rand_ldst/ldst_rand_large_1.asm SUCCESS CPI:5.3 CYCLES:5163 ICOUNT:973 IHITRATE: 0 DHITRATE: 0
/u/k/a/karu/courses/cs552/spring2013/handouts/testprograms/public/rand_ldst/ldst_rand_large_2.asm SUCCESS CPI:5.3 CYCLES:5131 ICOUNT:973 IHITRATE: 0 DHITRATE: 0
/u/k/a/karu/courses/cs552/spring2013/handouts/testprograms/public/rand_ldst/ldst_rand_large_3.asm SUCCESS CPI:5.4 CYCLES:5211 ICOUNT:973 IHITRATE: 0 DHITRATE: 0
/u/k/a/karu/courses/cs552/spring2013/handouts/testprograms/public/rand_ldst/ldst_rand_large_4.asm SUCCESS CPI:5.3 CYCLES:5131 ICOUNT:973 IHITRATE: 0 DHITRATE: 0
/u/k/a/karu/courses/cs552/spring2013/handouts/testprograms/public/rand_ldst/ldst_rand_large_5.asm SUCCESS CPI:5.7 CYCLES:5531 ICOUNT:973 IHITRATE: 0 DHITRATE: 0
/u/k/a/karu/courses/cs552/spring2013/handouts/testprograms/public/rand_ldst/ldst_rand_large_6.asm SUCCESS CPI:5.5 CYCLES:5371 ICOUNT:973 IHITRATE: 0 DHITRATE: 0
/u/k/a/karu/courses/cs552/spring2013/handouts/testprograms/public/rand_ldst/ldst_rand_large_7.asm SUCCESS CPI:5.5 CYCLES:5371 ICOUNT:973 IHITRATE: 0 DHITRATE: 0
/u/k/a/karu/courses/cs552/spring2013/handouts/testprograms/public/rand_ldst/ldst_rand_large_8.asm SUCCESS CPI:5.7 CYCLES:5547 ICOUNT:973 IHITRATE: 0 DHITRATE: 0
/u/k/a/karu/courses/cs552/spring2013/handouts/testprograms/public/rand_ldst/ldst_rand_large_9.asm SUCCESS CPI:5.3 CYCLES:5147 ICOUNT:973 IHITRATE: 0 DHITRATE: 0
/u/k/a/karu/courses/cs552/spring2013/handouts/testprograms/public/rand_ldst/ldst_rand_small.asm SUCCESS CPI:5.5 CYCLES:5339 ICOUNT:973 IHITRATE: 0 DHITRATE: 0
/u/k/a/karu/courses/cs552/spring2013/handouts/testprograms/public/rand_ldst/ldst_rand_small_1.asm SUCCESS CPI:5.3 CYCLES:5163 ICOUNT:973 IHITRATE: 0 DHITRATE: 0
/u/k/a/karu/courses/cs552/spring2013/handouts/testprograms/public/rand_ldst/ldst_rand_small_2.asm SUCCESS CPI:5.3 CYCLES:5131 ICOUNT:973 IHITRATE: 0 DHITRATE: 0
/u/k/a/karu/courses/cs552/spring2013/handouts/testprograms/public/rand_ldst/ldst_rand_small_3.asm SUCCESS CPI:5.4 CYCLES:5211 ICOUNT:973 IHITRATE: 0 DHITRATE: 0
/u/k/a/karu/courses/cs552/spring2013/handouts/testprograms/public/rand_ldst/ldst_rand_small_4.asm SUCCESS CPI:5.3 CYCLES:5131 ICOUNT:973 IHITRATE: 0 DHITRATE: 0
/u/k/a/karu/courses/cs552/spring2013/handouts/testprograms/public/rand_ldst/ldst_rand_small_5.asm SUCCESS CPI:5.7 CYCLES:5531 ICOUNT:973 IHITRATE: 0 DHITRATE: 0
/u/k/a/karu/courses/cs552/spring2013/handouts/testprograms/public/rand_ldst/ldst_rand_small_6.asm SUCCESS CPI:5.5 CYCLES:5371 ICOUNT:973 IHITRATE: 0 DHITRATE: 0
/u/k/a/karu/courses/cs552/spring2013/handouts/testprograms/public/rand_ldst/ldst_rand_small_7.asm SUCCESS CPI:5.5 CYCLES:5371 ICOUNT:973 IHITRATE: 0 DHITRATE: 0
/u/k/a/karu/courses/cs552/spring2013/handouts/testprograms/public/rand_ldst/ldst_rand_small_8.asm SUCCESS CPI:5.7 CYCLES:5547 ICOUNT:973 IHITRATE: 0 DHITRATE: 0
/u/k/a/karu/courses/cs552/spring2013/handouts/testprograms/public/rand_ldst/ldst_rand_small_9.asm SUCCESS CPI:5.3 CYCLES:5147 ICOUNT:973 IHITRATE: 0 DHITRATE: 0
/u/k/a/karu/courses/cs552/spring2013/handouts/testprograms/public/rand_ldst/rpt_ld_test_0.asm SUCCESS CPI:8.1 CYCLES:73 ICOUNT:9 IHITRATE: 0 DHITRATE: 0
/u/k/a/karu/courses/cs552/spring2013/handouts/testprograms/public/rand_ldst/rpt_ld_test_1.asm SUCCESS CPI:16.3 CYCLES:98 ICOUNT:6 IHITRATE: 0 DHITRATE: 0
/u/k/a/karu/courses/cs552/spring2013/handouts/testprograms/public/rand_ldst/rpt_reg_test_0.asm SUCCESS CPI:7.6 CYCLES:61 ICOUNT:8 IHITRATE: 0 DHITRATE: 0
/u/k/a/karu/courses/cs552/spring2013/handouts/testprograms/public/rand_ldst/rpt_reg_test_1.asm SUCCESS CPI:15.0 CYCLES:90 ICOUNT:6 IHITRATE: 0 DHITRATE: 0
/u/k/a/karu/courses/cs552/spring2013/handouts/testprograms/public/rand_ldst/rpt_st_test_0.asm SUCCESS CPI:8.1 CYCLES:73 ICOUNT:9 IHITRATE: 0 DHITRATE: 0
/u/k/a/karu/courses/cs552/spring2013/handouts/testprograms/public/rand_ldst/rpt_st_test_1.asm SUCCESS CPI:16.3 CYCLES:98 ICOUNT:6 IHITRATE: 0 DHITRATE: 0
