SIMLOG:: Cycle           4 PC:     zzzz I:     zzzz R: 0   0     0000 M: 0 0     0000     0000
SIMLOG:: Cycle           5 PC:     zzzz I:     zzzz R: 0   0     0000 M: 0 0     0000     0000
SIMLOG:: Cycle           6 PC:     zzzz I:     zzzz R: 0   0     0000 M: 0 0     0000     0000
SIMLOG:: Cycle           7 PC:     zzzz I:     zzzz R: 0   0     0000 M: 0 0     0000     0064
SIMLOG:: Cycle           8 PC:     zzzz I:     zzzz R: 1   1     0064 M: 0 0     0000     0063
SIMLOG:: Cycle           9 PC:     zzzz I:     zzzz R: 1   2     0063 M: 0 0     00c7     0063
SIMLOG:: Cycle          10 PC:     zzzz I:     zzzz R: 1   3     00c7 M: 0 0     012b     0064
SIMLOG:: Cycle          11 PC:     zzzz I:     zzzz R: 1   2     012b M: 0 0     00c8     0064
SIMLOG:: Cycle          12 PC:     zzzz I:     zzzz R: 1   4     00c8 M: 0 0     018f     0064
SIMLOG:: Cycle          13 PC:     zzzz I:     zzzz R: 1   6     018f M: 0 0     00c8     0064
SIMLOG:: Cycle          14 PC:     zzzz I:     zzzz R: 1   5     00c8 M: 0 0     012c     0064
SIMLOG:: Cycle          15 PC:     zzzz I:     zzzz R: 1   4     012c M: 0 0     0000     0000
SIMLOG:: Cycle          16 PC:     zzzz I:     zzzz R: 0   0     0000 M: 0 0     0000     0000
SIMLOG:: Processor halted

SIMLOG:: sim_cycles          16

SIMLOG:: inst_count           9

SIMLOG:: dcachehit_count           0

SIMLOG:: icachehit_count           0

SIMLOG:: dcachereq_count           0

SIMLOG:: icachereq_count           0

